<?xml version="1.0" encoding="UTF-8"?>
<testsuite xmlns:xsi="http://www.w3.org/2001/XMLSchema-instance" xsi:noNamespaceSchemaLocation="https://maven.apache.org/surefire/maven-surefire-plugin/xsd/surefire-test-report-3.0.xsd" version="3.0" name="TestThirdTask" time="111.504" tests="1" errors="1" skipped="0" failures="0">
  <properties>
[...]
</properties>
  <testcase name="instrumentComparison" classname="TestThirdTask" time="103.891">
    <error type="org.openqa.selenium.NoSuchElementException"><![CDATA[org.openqa.selenium.NoSuchElementException: 
Unable to locate element: //div[@class="title"]//a
For documentation on this error, please visit: https://www.seleniumhq.org/exceptions/no_such_element.html
Build info: version: '3.141.59', revision: 'e82be7d358', time: '2018-11-14T08:17:03'
System info: host: 'ODS01L1051.lan', ip: 'fe80:0:0:0:1c8e:3e0f:aaf9:a5ef%en0', os.name: 'Mac OS X', os.arch: 'x86_64', os.version: '10.15.7', java.version: '1.8.0_131'
Driver info: org.openqa.selenium.firefox.FirefoxDriver
Capabilities {acceptInsecureCerts: true, browserName: firefox, browserVersion: 72.0.1, javascriptEnabled: true, moz:accessibilityChecks: false, moz:buildID: 20200107212822, moz:geckodriverVersion: 0.26.0, moz:headless: false, moz:processID: 70626, moz:profile: /var/folders/6f/frjvqyj55wj..., moz:shutdownTimeout: 60000, moz:useNonSpecCompliantPointerOrigin: false, moz:webdriverClick: true, pageLoadStrategy: normal, platform: MAC, platformName: MAC, platformVersion: 19.6.0, rotatable: false, setWindowRect: true, strictFileInteractability: false, timeouts: {implicit: 0, pageLoad: 300000, script: 30000}, unhandledPromptBehavior: dismiss and notify}
Session ID: cd9aba8d-bfce-5144-90d1-f0f00ff863e4
*** Element info: {Using=xpath, value=//div[@class="title"]//a}
	at TestThirdTask.instrumentComparison(TestThirdTask.java:78)
]]></error>
    <system-out><![CDATA[&amp#27;[37m[11:15:41.551] | INFO  | main                             | TestThirdTask                    | The site is opened
&amp#27;[m&amp#27;[37m[11:15:45.099] | INFO  | main                             | TestThirdTask                    | Chosen instruments
&amp#27;[m&amp#27;[37m[11:15:46.004] | INFO  | main                             | TestThirdTask                    | Added Makita and Zubr
&amp#27;[m&amp#27;[37m[11:15:50.518] | INFO  | main                             | TestThirdTask                    | Price filter used from min > max
&amp#27;[m&amp#27;[37m[11:17:23.309] | INFO  | main                             | TestThirdTask                    | The instruments added to the compare 
&amp#27;[m&amp#27;[37m[11:17:23.350] | INFO  | main                             | TestThirdTask                    | Switched to the new window
&amp#27;[m]]></system-out>
    <system-err><![CDATA[SLF4J: Failed to load class "org.slf4j.impl.StaticLoggerBinder".
SLF4J: Defaulting to no-operation (NOP) logger implementation
SLF4J: See http://www.slf4j.org/codes.html#StaticLoggerBinder for further details.
1621498536145	mozrunner::runner	INFO	Running command: "/Applications/Firefox.app/Contents/MacOS/firefox-bin" "-marionette" "-foreground" "-no-remote" "-profile" "/var/folders/6f/frjvqyj55wjcs7zc1yt49z7mssv27f/T/rust_mozprofileO1myxG"
1621498536754	addons.webextension.doh-rollout@mozilla.org	WARN	Loading extension 'doh-rollout@mozilla.org': Reading manifest: Invalid extension permission: networkStatus
1621498536946	addons.webextension.screenshots@mozilla.org	WARN	Loading extension 'screenshots@mozilla.org': Reading manifest: Invalid extension permission: mozillaAddons
1621498536946	addons.webextension.screenshots@mozilla.org	WARN	Loading extension 'screenshots@mozilla.org': Reading manifest: Invalid extension permission: telemetry
1621498536946	addons.webextension.screenshots@mozilla.org	WARN	Loading extension 'screenshots@mozilla.org': Reading manifest: Invalid extension permission: resource://pdf.js/
1621498536946	addons.webextension.screenshots@mozilla.org	WARN	Loading extension 'screenshots@mozilla.org': Reading manifest: Invalid extension permission: about:reader*
1621498539414	Marionette	INFO	Listening on port 51461
1621498539434	Marionette	WARN	TLS certificate errors will be ignored for this session
May 20, 2021 11:15:39 AM org.openqa.selenium.remote.ProtocolHandshake createSession
INFO: Detected dialect: W3C
JavaScript error: , line 0: AbortError: The operation was aborted. 
JavaScript error: , line 0: TypeError: NetworkError when attempting to fetch resource.
JavaScript error: , line 0: TypeError: NetworkError when attempting to fetch resource.
JavaScript error: , line 0: TypeError: NetworkError when attempting to fetch resource.
JavaScript error: , line 0: TypeError: NetworkError when attempting to fetch resource.
JavaScript error: , line 0: TypeError: NetworkError when attempting to fetch resource.
1621498549101	Marionette	WARN	TimedPromise timed out after 500 ms: stacktrace:
bail@chrome://marionette/content/sync.js:237:64
]]></system-err>
  </testcase>
</testsuite>